Using pre-set license
Built from '2020.3/china_unity/release' branch; Version is '2020.3.1f1c1 (3e9f4b065a9d) revision 4104011'; Using compiler version '192528614'; Build Type 'Release'
OS: 'Windows 10 Pro; OS build 22631.4317; Version 2009; 64bit' Language: 'zh' Physical Memory: 32580 MB
BatchMode: 1, IsHumanControllingUs: 0, StartBugReporterOnCrash: 0, Is64bit: 1, IsPro: 0

 COMMAND LINE ARGUMENTS:
D:\Unity\Unity Editor\2020.3.1f1c1\Editor\Unity.exe
-adb2
-batchMode
-noUpm
-name
AssetImportWorker0
-projectPath
D:/Unity/Unity Proejct/TaoXun
-logFile
Logs/AssetImportWorker0.log
-srvPort
1265
Successfully changed project path to: D:/Unity/Unity Proejct/TaoXun
D:/Unity/Unity Proejct/TaoXun
Using Asset Import Pipeline V2.
Refreshing native plugins compatible for Editor in 70.66 ms, found 3 plugins.
Preloading 0 native plugins for Editor in 0.00 ms.
Initialize engine version: 2020.3.1f1c1 (3e9f4b065a9d)
[Subsystems] Discovering subsystems at path D:/Unity/Unity Editor/2020.3.1f1c1/Editor/Data/Resources/UnitySubsystems
[Subsystems] Discovering subsystems at path D:/Unity/Unity Proejct/TaoXun/Assets
GfxDevice: creating device client; threaded=0
Direct3D:
    Version:  Direct3D 11.0 [level 11.1]
    Renderer: NVIDIA GeForce RTX 4070 SUPER (ID=0x2783)
    Vendor:   
    VRAM:     11999 MB
    Driver:   32.0.15.6590
Initialize mono
Mono path[0] = 'D:/Unity/Unity Editor/2020.3.1f1c1/Editor/Data/Managed'
Mono path[1] = 'D:/Unity/Unity Editor/2020.3.1f1c1/Editor/Data/MonoBleedingEdge/lib/mono/unityjit'
Mono config path = 'D:/Unity/Unity Editor/2020.3.1f1c1/Editor/Data/MonoBleedingEdge/etc'
Using monoOptions --debugger-agent=transport=dt_socket,embedding=1,server=y,suspend=n,address=127.0.0.1:56624
Begin MonoManager ReloadAssembly
Registering precompiled unity dll's ...
Register platform support module: D:/Unity/Unity Editor/2020.3.1f1c1/Editor/Data/PlaybackEngines/WindowsStandaloneSupport/UnityEditor.WindowsStandalone.Extensions.dll
Registered in 0.000949 seconds.
Native extension for WindowsStandalone target not found
Refreshing native plugins compatible for Editor in 39.15 ms, found 3 plugins.
Preloading 0 native plugins for Editor in 0.00 ms.
Invoked RoslynAnalysisRunner static constructor.
RoslynAnalysisRunner will not be running.
RoslynAnalysisRunner has terminated.
Mono: successfully reloaded assembly
- Completed reload, in  1.142 seconds
Platform modules already initialized, skipping
Registering precompiled user dll's ...
Registered in 0.004591 seconds.
Begin MonoManager ReloadAssembly
Native extension for WindowsStandalone target not found
Refreshing native plugins compatible for Editor in 38.06 ms, found 3 plugins.
Preloading 0 native plugins for Editor in 0.00 ms.
Invoked RoslynAnalysisRunner static constructor.
RoslynAnalysisRunner will not be running.
RoslynAnalysisRunner has terminated.
Mono: successfully reloaded assembly
- Completed reload, in  0.597 seconds
Platform modules already initialized, skipping
========================================================================
Worker process is ready to serve import requests
Launched and connected shader compiler UnityShaderCompiler.exe after 0.04 seconds
Refreshing native plugins compatible for Editor in 0.53 ms, found 3 plugins.
Preloading 0 native plugins for Editor in 0.00 ms.
Unloading 2023 Unused Serialized files (Serialized files now loaded: 0)
System memory in use before: 93.0 MB.
System memory in use after: 93.1 MB.

Unloading 38 unused Assets to reduce memory usage. Loaded Objects now: 2462.
Total: 1.241400 ms (FindLiveObjects: 0.097500 ms CreateObjectMapping: 0.023200 ms MarkObjects: 1.055100 ms  DeleteObjects: 0.064500 ms)

========================================================================
Received Import Request.
  path: Assets
  artifactKey: Guid(00000000000000001000000000000000) Importer(815301076,1909f56bfc062723c751e8b465ee728b)
Start importing Assets using Guid(00000000000000001000000000000000) Importer(815301076,1909f56bfc062723c751e8b465ee728b)  -> (artifact id: '4cfc5f0218ae52137ceec62152cae6a9') in 0.002760 seconds
  Import took 0.005099 seconds .

========================================================================
Received Import Request.
  Time since last request: 0.000156 seconds.
  path: Assets/GGEZ/PerfectPixelSprite
  artifactKey: Guid(4b57efae632894e089efd5612759eff9) Importer(815301076,1909f56bfc062723c751e8b465ee728b)
Start importing Assets/GGEZ/PerfectPixelSprite using Guid(4b57efae632894e089efd5612759eff9) Importer(815301076,1909f56bfc062723c751e8b465ee728b)  -> (artifact id: 'a31688f28a0c0edfe5703f438ee10bd0') in 0.001227 seconds
  Import took 0.003065 seconds .

========================================================================
Received Prepare
Registering precompiled user dll's ...
Registered in 0.004868 seconds.
Begin MonoManager ReloadAssembly
Native extension for WindowsStandalone target not found
Refreshing native plugins compatible for Editor in 0.60 ms, found 3 plugins.
Preloading 0 native plugins for Editor in 0.00 ms.
Invoked RoslynAnalysisRunner static constructor.
RoslynAnalysisRunner will not be running.
RoslynAnalysisRunner has terminated.
Mono: successfully reloaded assembly
- Completed reload, in  0.517 seconds
Platform modules already initialized, skipping
Refreshing native plugins compatible for Editor in 0.54 ms, found 3 plugins.
Preloading 0 native plugins for Editor in 0.00 ms.
Unloading 1983 Unused Serialized files (Serialized files now loaded: 0)
System memory in use before: 90.1 MB.
System memory in use after: 90.3 MB.

Unloading 29 unused Assets to reduce memory usage. Loaded Objects now: 2471.
Total: 1.165900 ms (FindLiveObjects: 0.109900 ms CreateObjectMapping: 0.023800 ms MarkObjects: 1.008900 ms  DeleteObjects: 0.022100 ms)

========================================================================
Received Prepare
Registering precompiled user dll's ...
Registered in 0.002433 seconds.
Begin MonoManager ReloadAssembly
Native extension for WindowsStandalone target not found
Refreshing native plugins compatible for Editor in 0.48 ms, found 3 plugins.
Preloading 0 native plugins for Editor in 0.00 ms.
Invoked RoslynAnalysisRunner static constructor.
RoslynAnalysisRunner will not be running.
RoslynAnalysisRunner has terminated.
Mono: successfully reloaded assembly
- Completed reload, in  0.413 seconds
Platform modules already initialized, skipping
Refreshing native plugins compatible for Editor in 0.45 ms, found 3 plugins.
Preloading 0 native plugins for Editor in 0.00 ms.
Unloading 1724 Unused Serialized files (Serialized files now loaded: 0)
System memory in use before: 84.7 MB.
System memory in use after: 84.8 MB.

Unloading 23 unused Assets to reduce memory usage. Loaded Objects now: 2474.
Total: 0.995600 ms (FindLiveObjects: 0.087700 ms CreateObjectMapping: 0.022000 ms MarkObjects: 0.868600 ms  DeleteObjects: 0.016000 ms)

========================================================================
Received Import Request.
  Time since last request: 1192.594793 seconds.
  path: Assets/Resources/DOTweenSettings.asset
  artifactKey: Guid(7eedb8875419cda4fb7286be86e6c494) Importer(815301076,1909f56bfc062723c751e8b465ee728b)
Start importing Assets/Resources/DOTweenSettings.asset using Guid(7eedb8875419cda4fb7286be86e6c494) Importer(815301076,1909f56bfc062723c751e8b465ee728b)  -> (artifact id: '11b4b4a1a0c8854390713efc5d9e345f') in 0.019679 seconds
  Import took 0.021633 seconds .

========================================================================
Received Import Request.
  Time since last request: 0.742925 seconds.
  path: Assets/Scenes
  artifactKey: Guid(b9a4139a626a6a2479b7f5be73b3b936) Importer(815301076,1909f56bfc062723c751e8b465ee728b)
Start importing Assets/Scenes using Guid(b9a4139a626a6a2479b7f5be73b3b936) Importer(815301076,1909f56bfc062723c751e8b465ee728b)  -> (artifact id: '2778280b434c00446f641fd70c6e1a6a') in 0.001561 seconds
  Import took 0.003297 seconds .

========================================================================
Received Import Request.
  Time since last request: 0.003455 seconds.
  path: Assets/Scenes
  artifactKey: Guid(b9a4139a626a6a2479b7f5be73b3b936) Importer(815301076,1909f56bfc062723c751e8b465ee728b)
Start importing Assets/Scenes using Guid(b9a4139a626a6a2479b7f5be73b3b936) Importer(815301076,1909f56bfc062723c751e8b465ee728b)  -> (artifact id: '2778280b434c00446f641fd70c6e1a6a') in 0.001040 seconds
  Import took 0.002733 seconds .

AssetImportWorkerClient::OnTransportError - code=2 error=End of file
