
=== Sat Oct 26 16:06:04 2024

Packages were changed.
Update Mode: updateDependencies

The following packages were updated:
  com.unity.2d.pixel-perfect from version 4.0.1 to 5.0.1
  com.unity.cinemachine from version 2.6.10 to 2.8.4
  com.unity.collab-proxy from version 1.3.9 to 1.15.17
  com.unity.ide.rider from version 2.0.7 to 3.0.14
  com.unity.ide.visualstudio from version 2.0.7 to 2.0.15
  com.unity.postprocessing from version 3.0.3 to 3.2.2
  com.unity.recorder from version 2.5.7 to 3.0.3
  com.unity.test-framework from version 1.1.22 to 1.1.31
  com.unity.textmeshpro from version 3.0.1 to 3.0.6
  com.unity.timeline from version 1.4.6 to 1.6.4

=== Sat Oct 26 17:08:07 2024

Packages were changed.
Update Mode: updateDependencies

The following packages were updated:
  com.unity.2d.pixel-perfect from version 4.0.1 to 5.0.1
  com.unity.cinemachine from version 2.6.10 to 2.8.4
  com.unity.collab-proxy from version 1.3.9 to 1.15.17
  com.unity.ide.rider from version 2.0.7 to 3.0.14
  com.unity.ide.visualstudio from version 2.0.7 to 2.0.15
  com.unity.postprocessing from version 3.0.3 to 3.2.2
  com.unity.recorder from version 2.5.7 to 3.0.3
  com.unity.test-framework from version 1.1.22 to 1.1.31
  com.unity.textmeshpro from version 3.0.1 to 3.0.6
  com.unity.timeline from version 1.4.6 to 1.6.4
