Using pre-set license
Built from '2020.3/china_unity/release' branch; Version is '2020.3.1f1c1 (3e9f4b065a9d) revision 4104011'; Using compiler version '192528614'; Build Type 'Release'
OS: 'Windows 10 Home China; OS build 19042.1348; Version 2009; 64bit' Language: 'zh' Physical Memory: 8042 MB
BatchMode: 1, IsHumanControllingUs: 0, StartBugReporterOnCrash: 0, Is64bit: 1, IsPro: 0

 COMMAND LINE ARGUMENTS:
C:\Users\ASUS\Contacts\Documents\UNITY\2020.3.1f1c1\Editor\Unity.exe
-adb2
-batchMode
-noUpm
-name
AssetImportWorker0
-projectPath
C:/Users/ASUS/unity project/MyGame
-logFile
Logs/AssetImportWorker0.log
-srvPort
57667
Successfully changed project path to: C:/Users/ASUS/unity project/MyGame
C:/Users/ASUS/unity project/MyGame
Using Asset Import Pipeline V2.
Refreshing native plugins compatible for Editor in 78.89 ms, found 0 plugins.
Preloading 0 native plugins for Editor in 0.00 ms.
Initialize engine version: 2020.3.1f1c1 (3e9f4b065a9d)
[Subsystems] Discovering subsystems at path C:/Users/ASUS/Contacts/Documents/UNITY/2020.3.1f1c1/Editor/Data/Resources/UnitySubsystems
[Subsystems] Discovering subsystems at path C:/Users/ASUS/unity project/MyGame/Assets
GfxDevice: creating device client; threaded=0
Direct3D:
    Version:  Direct3D 11.0 [level 11.1]
    Renderer: NVIDIA GeForce GTX 1050 Ti (ID=0x1c8c)
    Vendor:   
    VRAM:     4018 MB
    Driver:   27.21.14.6089
Initialize mono
Mono path[0] = 'C:/Users/ASUS/Contacts/Documents/UNITY/2020.3.1f1c1/Editor/Data/Managed'
Mono path[1] = 'C:/Users/ASUS/Contacts/Documents/UNITY/2020.3.1f1c1/Editor/Data/MonoBleedingEdge/lib/mono/unityjit'
Mono config path = 'C:/Users/ASUS/Contacts/Documents/UNITY/2020.3.1f1c1/Editor/Data/MonoBleedingEdge/etc'
Using monoOptions --debugger-agent=transport=dt_socket,embedding=1,server=y,suspend=n,address=127.0.0.1:56088
Begin MonoManager ReloadAssembly
Registering precompiled unity dll's ...
Register platform support module: C:/Users/ASUS/Contacts/Documents/UNITY/2020.3.1f1c1/Editor/Data/PlaybackEngines/WindowsStandaloneSupport/UnityEditor.WindowsStandalone.Extensions.dll
Registered in 0.003722 seconds.
Native extension for WindowsStandalone target not found
Refreshing native plugins compatible for Editor in 58.46 ms, found 0 plugins.
Preloading 0 native plugins for Editor in 0.00 ms.
Invoked RoslynAnalysisRunner static constructor.
RoslynAnalysisRunner will not be running.
RoslynAnalysisRunner has terminated.
Mono: successfully reloaded assembly
- Completed reload, in  5.140 seconds
Platform modules already initialized, skipping
Registering precompiled user dll's ...
Registered in 0.008446 seconds.
Begin MonoManager ReloadAssembly
Native extension for WindowsStandalone target not found
Refreshing native plugins compatible for Editor in 0.69 ms, found 0 plugins.
Preloading 0 native plugins for Editor in 0.00 ms.
Invoked RoslynAnalysisRunner static constructor.
RoslynAnalysisRunner will not be running.
RoslynAnalysisRunner has terminated.
Mono: successfully reloaded assembly
- Completed reload, in  0.898 seconds
Platform modules already initialized, skipping
========================================================================
Worker process is ready to serve import requests
Launched and connected shader compiler UnityShaderCompiler.exe after 0.05 seconds
Refreshing native plugins compatible for Editor in 0.78 ms, found 0 plugins.
Preloading 0 native plugins for Editor in 0.00 ms.
Unloading 1554 Unused Serialized files (Serialized files now loaded: 0)
System memory in use before: 161.1 MB.
System memory in use after: 161.2 MB.

Unloading 22 unused Assets to reduce memory usage. Loaded Objects now: 2026.
Total: 1.884700 ms (FindLiveObjects: 0.166500 ms CreateObjectMapping: 0.056100 ms MarkObjects: 1.632400 ms  DeleteObjects: 0.028300 ms)

========================================================================
Received Import Request.
  path: Assets
  artifactKey: Guid(00000000000000001000000000000000) Importer(815301076,1909f56bfc062723c751e8b465ee728b)
Start importing Assets using Guid(00000000000000001000000000000000) Importer(815301076,1909f56bfc062723c751e8b465ee728b)  -> (artifact id: '4cfc5f0218ae52137ceec62152cae6a9') in 0.004889 seconds
  Import took 0.007383 seconds .

========================================================================
Received Prepare
Registering precompiled user dll's ...
Registered in 0.005326 seconds.
Begin MonoManager ReloadAssembly
Native extension for WindowsStandalone target not found
Refreshing native plugins compatible for Editor in 0.70 ms, found 0 plugins.
Preloading 0 native plugins for Editor in 0.00 ms.
Invoked RoslynAnalysisRunner static constructor.
RoslynAnalysisRunner will not be running.
RoslynAnalysisRunner has terminated.
Mono: successfully reloaded assembly
- Completed reload, in  0.779 seconds
Platform modules already initialized, skipping
Refreshing native plugins compatible for Editor in 0.69 ms, found 0 plugins.
Preloading 0 native plugins for Editor in 0.00 ms.
Unloading 1520 Unused Serialized files (Serialized files now loaded: 0)
System memory in use before: 158.8 MB.
System memory in use after: 158.9 MB.

Unloading 14 unused Assets to reduce memory usage. Loaded Objects now: 2030.
Total: 2.611500 ms (FindLiveObjects: 0.233700 ms CreateObjectMapping: 0.051300 ms MarkObjects: 2.287400 ms  DeleteObjects: 0.036600 ms)

AssetImportWorkerClient::OnTransportError - code=2 error=End of file
